[0m2021.04.20 23:43:38 INFO  Started: Metals version 0.10.1 in workspace 'C:\Projekte\talesoft-js-packages' for client vscode 1.55.2.[0m
[0m2021.04.20 23:43:39 INFO  time: initialize in 0.8s[0m
[0m2021.04.20 23:43:40 WARN  Build server is not auto-connectable.[0m
[0m2021.04.20 23:43:40 WARN  no build tool detected in workspace 'C:\Projekte\talesoft-js-packages'. The most common cause for this problem is that the editor was opened in the wrong working directory, for example if you use sbt then the workspace directory should contain build.sbt. [0m
[0m2021.04.20 23:44:15 INFO  shutting down Metals[0m
[0m2021.04.22 18:38:06 INFO  Started: Metals version 0.10.1 in workspace 'C:\Projekte\talesoft-js-packages' for client vscode 1.55.2.[0m
[0m2021.04.22 18:38:07 INFO  time: initialize in 0.69s[0m
[0m2021.04.22 18:38:07 WARN  Build server is not auto-connectable.[0m
[0m2021.04.22 18:38:07 WARN  no build tool detected in workspace 'C:\Projekte\talesoft-js-packages'. The most common cause for this problem is that the editor was opened in the wrong working directory, for example if you use sbt then the workspace directory should contain build.sbt. [0m
[0m2021.04.22 18:38:21 INFO  shutting down Metals[0m
[0m2021.04.22 18:39:34 INFO  Started: Metals version 0.10.1 in workspace 'C:\Projekte\talesoft-js-packages' for client vscode 1.55.2.[0m
[0m2021.04.22 18:39:35 INFO  time: initialize in 0.81s[0m
[0m2021.04.22 18:39:36 WARN  Build server is not auto-connectable.[0m
[0m2021.04.22 18:39:36 WARN  no build tool detected in workspace 'C:\Projekte\talesoft-js-packages'. The most common cause for this problem is that the editor was opened in the wrong working directory, for example if you use sbt then the workspace directory should contain build.sbt. [0m
[0m2021.04.25 16:27:05 INFO  shutting down Metals[0m
[0m2021.04.30 00:12:09 INFO  Started: Metals version 0.10.2 in workspace 'C:\Projekte\talesoft-js-packages' for client vscode 1.55.2.[0m
[0m2021.04.30 00:12:10 INFO  time: initialize in 0.77s[0m
[0m2021.04.30 00:12:10 WARN  Build server is not auto-connectable.[0m
[0m2021.04.30 00:12:10 WARN  no build tool detected in workspace 'C:\Projekte\talesoft-js-packages'. The most common cause for this problem is that the editor was opened in the wrong working directory, for example if you use sbt then the workspace directory should contain build.sbt. [0m
[0m2021.04.30 00:15:06 INFO  shutting down Metals[0m
[0m2021.04.30 00:34:35 INFO  Started: Metals version 0.10.2 in workspace 'C:\Projekte\talesoft-js-packages' for client vscode 1.55.2.[0m
[0m2021.04.30 00:34:36 INFO  time: initialize in 0.7s[0m
[0m2021.04.30 00:34:36 WARN  Build server is not auto-connectable.[0m
[0m2021.04.30 00:34:36 WARN  no build tool detected in workspace 'C:\Projekte\talesoft-js-packages'. The most common cause for this problem is that the editor was opened in the wrong working directory, for example if you use sbt then the workspace directory should contain build.sbt. [0m
[0m2021.04.30 01:31:57 INFO  shutting down Metals[0m
[0m2021.05.03 01:33:03 INFO  Started: Metals version 0.10.2 in workspace 'C:\Projekte\talesoft-js-packages' for client vscode 1.55.2.[0m
[0m2021.05.03 01:33:04 INFO  time: initialize in 1.16s[0m
[0m2021.05.03 01:33:05 WARN  Build server is not auto-connectable.[0m
[0m2021.05.03 01:33:05 WARN  no build tool detected in workspace 'C:\Projekte\talesoft-js-packages'. The most common cause for this problem is that the editor was opened in the wrong working directory, for example if you use sbt then the workspace directory should contain build.sbt. [0m
Mai 03, 2021 1:46:01 AM org.eclipse.lsp4j.jsonrpc.services.GenericEndpoint notify
INFORMATION: Unsupported notification method: $/setTraceNotification
Mai 03, 2021 1:46:02 AM org.eclipse.lsp4j.jsonrpc.services.GenericEndpoint notify
INFORMATION: Unsupported notification method: $/setTraceNotification
[0m2021.05.03 10:36:04 INFO  Started: Metals version 0.10.2 in workspace 'C:\Projekte\talesoft-js-packages' for client vscode 1.55.2.[0m
[0m2021.05.03 10:36:04 INFO  time: initialize in 0.51s[0m
[0m2021.05.03 10:36:11 WARN  Build server is not auto-connectable.[0m
[0m2021.05.03 10:36:11 WARN  no build tool detected in workspace 'C:\Projekte\talesoft-js-packages'. The most common cause for this problem is that the editor was opened in the wrong working directory, for example if you use sbt then the workspace directory should contain build.sbt. [0m
[0m2021.05.03 10:37:15 INFO  shutting down Metals[0m
[0m2021.05.03 22:15:39 INFO  Started: Metals version 0.10.2 in workspace 'C:\Projekte\talesoft-js-packages' for client vscode 1.55.2.[0m
[0m2021.05.03 22:15:39 INFO  time: initialize in 0.58s[0m
[0m2021.05.03 22:15:39 WARN  Build server is not auto-connectable.[0m
[0m2021.05.03 22:15:39 WARN  no build tool detected in workspace 'C:\Projekte\talesoft-js-packages'. The most common cause for this problem is that the editor was opened in the wrong working directory, for example if you use sbt then the workspace directory should contain build.sbt. [0m
[0m2021.05.04 11:52:28 INFO  shutting down Metals[0m
